Arguments: 
  D:\APP\node\node.exe D:\APP\node\node_global\node_modules\yarn\bin\yarn.js start

PATH: 
  C:\Program Files (x86)\Common Files\Oracle\Java\javapath;C:\Windows\system32;C:\Windows;C:\Windows\System32\Wbem;C:\Windows\System32\WindowsPowerShell\v1.0\;C:\Windows\System32\OpenSSH\;C:\Program Files (x86)\NVIDIA Corporation\PhysX\Common;C:\Program Files\NVIDIA Corporation\NVIDIA NvDLISR;D:\APP\git\Git\cmd;D:\APP\BindZip\Bandizip\;D:\APP\node\node_global\node_modules;D:\APP\小程序APP\微信web开发者工具\dll;D:\APP\AndroidSdk\platform-tools;D:\APP\AndroidSdk\emulator;D:\APP\AndroidSdk\tools;D:\APP\AndroidSdk\tools\bin;D:\APP\oracleJdk\bin;D:\APP\oracleJdk\jre\bin;D:\APP\node\;C:\Users\86178\AppData\Local\Android\Sdk\platform-tools;C:\Program Files\MongoDB\Server\4.4\bin;D:\APP\node\node_global\bin;D:\APP\小乌龟\bin;C:\Users\86178\AppData\Local\Microsoft\WindowsApps;D:\APP\vsCode\Microsoft VS Code\bin;D:\APP\node\node_global;D:\APP\node\node_global\bin;

Yarn version: 
  1.22.19

Node version: 
  16.17.1

Platform: 
  win32 x64

Trace: 
  SyntaxError: C:\Users\86178\Desktop\package.json: Unexpected token < in JSON at position 0
      at JSON.parse (<anonymous>)
      at D:\APP\node\node_global\node_modules\yarn\lib\cli.js:1629:59
      at Generator.next (<anonymous>)
      at step (D:\APP\node\node_global\node_modules\yarn\lib\cli.js:310:30)
      at D:\APP\node\node_global\node_modules\yarn\lib\cli.js:321:13

npm manifest: 
  {
    "private": true,
    "scripts": {
      "start": "roadhog server",
      "build": "roadhog build",
      "lint": "eslint --ext .js src test",
      "precommit": "npm run lint"
    },
    "dependencies": {
      "dva": "^2.4.1",
      "react": "^16.2.0",
      "react-dom": "^16.2.0"
    },
    "devDependencies": {
      "babel-plugin-dva-hmr": "^0.3.2",
      "eslint": "^4.14.0",
      "eslint-config-umi": "^0.1.1",
      "eslint-plugin-flowtype": "^2.34.1",
      "eslint-plugin-import": "^2.6.0",
      "eslint-plugin-jsx-a11y": "^5.1.1",
      "eslint-plugin-react": "^7.1.0",
      "husky": "^0.12.0",
      "redbox-react": "^1.4.3",
      "roadhog": "^2.5.0-beta.4"
    }
  }

yarn manifest: 
  No manifest

Lockfile: 
  No lockfile
